{"name":"verifySmartPhonePage","status":"broken","statusDetails":{"known":false,"muted":false,"flaky":false,"message":"class PriceRangeSearchResultsPage cannot be cast to class java.util.List (PriceRangeSearchResultsPage is in unnamed module of loader 'app'; java.util.List is in module java.base of loader 'bootstrap')","trace":"java.lang.ClassCastException: class PriceRangeSearchResultsPage cannot be cast to class java.util.List (PriceRangeSearchResultsPage is in unnamed module of loader 'app'; java.util.List is in module java.base of loader 'bootstrap')\n\tat PriceRangeSearchResultsPage.resultsOfPriceRangeOnThePage(PriceRangeSearchResultsPage.java:20)\n\tat RozetkaTest.verifySmartPhonePage(RozetkaTest.java:58)\n\tat java.base/jdk.internal.reflect.NativeMethodAccessorImpl.invoke0(Native Method)\n\tat java.base/jdk.internal.reflect.NativeMethodAccessorImpl.invoke(NativeMethodAccessorImpl.java:62)\n\tat java.base/jdk.internal.reflect.DelegatingMethodAccessorImpl.invoke(DelegatingMethodAccessorImpl.java:43)\n\tat java.base/java.lang.reflect.Method.invoke(Method.java:567)\n\tat org.testng.internal.MethodInvocationHelper.invokeMethod(MethodInvocationHelper.java:124)\n\tat org.testng.internal.Invoker.invokeMethod(Invoker.java:583)\n\tat org.testng.internal.Invoker.invokeTestMethod(Invoker.java:719)\n\tat org.testng.internal.Invoker.invokeTestMethods(Invoker.java:989)\n\tat org.testng.internal.TestMethodWorker.invokeTestMethods(TestMethodWorker.java:125)\n\tat org.testng.internal.TestMethodWorker.run(TestMethodWorker.java:109)\n\tat org.testng.TestRunner.privateRun(TestRunner.java:648)\n\tat org.testng.TestRunner.run(TestRunner.java:505)\n\tat org.testng.SuiteRunner.runTest(SuiteRunner.java:455)\n\tat org.testng.SuiteRunner.runSequentially(SuiteRunner.java:450)\n\tat org.testng.SuiteRunner.privateRun(SuiteRunner.java:415)\n\tat org.testng.SuiteRunner.run(SuiteRunner.java:364)\n\tat org.testng.SuiteRunnerWorker.runSuite(SuiteRunnerWorker.java:52)\n\tat org.testng.SuiteRunnerWorker.run(SuiteRunnerWorker.java:84)\n\tat org.testng.TestNG.runSuitesSequentially(TestNG.java:1208)\n\tat org.testng.TestNG.runSuitesLocally(TestNG.java:1137)\n\tat org.testng.TestNG.runSuites(TestNG.java:1049)\n\tat org.testng.TestNG.run(TestNG.java:1017)\n\tat com.intellij.rt.testng.IDEARemoteTestNG.run(IDEARemoteTestNG.java:66)\n\tat com.intellij.rt.testng.RemoteTestNGStarter.main(RemoteTestNGStarter.java:110)\n"},"stage":"finished","steps":[{"name":"Open the Smartphone Page","status":"passed","stage":"finished","steps":[],"attachments":[],"parameters":[],"start":1595686410323,"stop":1595686412032},{"name":"Enter price range to the product","status":"passed","stage":"finished","steps":[],"attachments":[],"parameters":[{"name":"priceMin","value":"3000"},{"name":"priceMax","value":"6000"}],"start":1595686412032,"stop":1595686416284},{"name":"Verify  product are in the correct price rang","status":"broken","statusDetails":{"known":false,"muted":false,"flaky":false,"message":"class PriceRangeSearchResultsPage cannot be cast to class java.util.List (PriceRangeSearchResultsPage is in unnamed module of loader 'app'; java.util.List is in module java.base of loader 'bootstrap')","trace":"java.lang.ClassCastException: class PriceRangeSearchResultsPage cannot be cast to class java.util.List (PriceRangeSearchResultsPage is in unnamed module of loader 'app'; java.util.List is in module java.base of loader 'bootstrap')\n\tat PriceRangeSearchResultsPage.resultsOfPriceRangeOnThePage(PriceRangeSearchResultsPage.java:20)\n\tat RozetkaTest.verifySmartPhonePage(RozetkaTest.java:58)\n\tat java.base/jdk.internal.reflect.NativeMethodAccessorImpl.invoke0(Native Method)\n\tat java.base/jdk.internal.reflect.NativeMethodAccessorImpl.invoke(NativeMethodAccessorImpl.java:62)\n\tat java.base/jdk.internal.reflect.DelegatingMethodAccessorImpl.invoke(DelegatingMethodAccessorImpl.java:43)\n\tat java.base/java.lang.reflect.Method.invoke(Method.java:567)\n\tat org.testng.internal.MethodInvocationHelper.invokeMethod(MethodInvocationHelper.java:124)\n\tat org.testng.internal.Invoker.invokeMethod(Invoker.java:583)\n\tat org.testng.internal.Invoker.invokeTestMethod(Invoker.java:719)\n\tat org.testng.internal.Invoker.invokeTestMethods(Invoker.java:989)\n\tat org.testng.internal.TestMethodWorker.invokeTestMethods(TestMethodWorker.java:125)\n\tat org.testng.internal.TestMethodWorker.run(TestMethodWorker.java:109)\n\tat org.testng.TestRunner.privateRun(TestRunner.java:648)\n\tat org.testng.TestRunner.run(TestRunner.java:505)\n\tat org.testng.SuiteRunner.runTest(SuiteRunner.java:455)\n\tat org.testng.SuiteRunner.runSequentially(SuiteRunner.java:450)\n\tat org.testng.SuiteRunner.privateRun(SuiteRunner.java:415)\n\tat org.testng.SuiteRunner.run(SuiteRunner.java:364)\n\tat org.testng.SuiteRunnerWorker.runSuite(SuiteRunnerWorker.java:52)\n\tat org.testng.SuiteRunnerWorker.run(SuiteRunnerWorker.java:84)\n\tat org.testng.TestNG.runSuitesSequentially(TestNG.java:1208)\n\tat org.testng.TestNG.runSuitesLocally(TestNG.java:1137)\n\tat org.testng.TestNG.runSuites(TestNG.java:1049)\n\tat org.testng.TestNG.run(TestNG.java:1017)\n\tat com.intellij.rt.testng.IDEARemoteTestNG.run(IDEARemoteTestNG.java:66)\n\tat com.intellij.rt.testng.RemoteTestNGStarter.main(RemoteTestNGStarter.java:110)\n"},"stage":"finished","steps":[],"attachments":[],"parameters":[],"start":1595686416284,"stop":1595686416287}],"attachments":[],"parameters":[],"start":1595686410318,"stop":1595686416302,"uuid":"f8997c7a-b4b8-4bf4-8579-4f737e8f92c3","historyId":"21a18b740ef898fd1f109c36ca3b9b7c","fullName":"RozetkaTest.verifySmartPhonePage","labels":[{"name":"package","value":"RozetkaTest"},{"name":"testClass","value":"RozetkaTest"},{"name":"testMethod","value":"verifySmartPhonePage"},{"name":"parentSuite","value":"Default Suite"},{"name":"suite","value":"RozetkaAutomationProject"},{"name":"subSuite","value":"RozetkaTest"},{"name":"host","value":"Kristina-Vasyliv.local"},{"name":"thread","value":"6237@Kristina-Vasyliv.local.main(1)"},{"name":"framework","value":"testng"},{"name":"language","value":"java"}],"links":[]}